<?xml version="1.0" encoding="UTF-8"?>
<testsuite xmlns:xsi="http://www.w3.org/2001/XMLSchema-instance" xsi:noNamespaceSchemaLocation="https://maven.apache.org/surefire/maven-surefire-plugin/xsd/surefire-test-report-3.0.xsd" version="3.0" name="umgc.InsertionSortTest" time="0.267" tests="3" errors="0" skipped="0" failures="0">
  <properties>
    <property name="java.specification.version" value="23"/>
    <property name="sun.cpu.isalist" value="amd64"/>
    <property name="sun.jnu.encoding" value="Cp1252"/>
    <property name="java.class.path" value="C:\Users\edmon\OneDrive\Documents\2_EJ\Edu\UMGC\DataStructures\Code\sortvisualizer\target\test-classes;C:\Users\edmon\OneDrive\Documents\2_EJ\Edu\UMGC\DataStructures\Code\sortvisualizer\target\classes;C:\Users\edmon\.m2\repository\org\openjfx\javafx-controls\13\javafx-controls-13.jar;C:\Users\edmon\.m2\repository\org\openjfx\javafx-controls\13\javafx-controls-13-win.jar;C:\Users\edmon\.m2\repository\org\openjfx\javafx-graphics\13\javafx-graphics-13.jar;C:\Users\edmon\.m2\repository\org\openjfx\javafx-graphics\13\javafx-graphics-13-win.jar;C:\Users\edmon\.m2\repository\org\openjfx\javafx-base\13\javafx-base-13.jar;C:\Users\edmon\.m2\repository\org\openjfx\javafx-base\13\javafx-base-13-win.jar;C:\Users\edmon\.m2\repository\org\openjfx\javafx-fxml\13\javafx-fxml-13.jar;C:\Users\edmon\.m2\repository\org\openjfx\javafx-fxml\13\javafx-fxml-13-win.jar;C:\Users\edmon\.m2\repository\org\junit\jupiter\junit-jupiter\5.10.0\junit-jupiter-5.10.0.jar;C:\Users\edmon\.m2\repository\org\junit\jupiter\junit-jupiter-api\5.10.0\junit-jupiter-api-5.10.0.jar;C:\Users\edmon\.m2\repository\org\opentest4j\opentest4j\1.3.0\opentest4j-1.3.0.jar;C:\Users\edmon\.m2\repository\org\junit\platform\junit-platform-commons\1.10.0\junit-platform-commons-1.10.0.jar;C:\Users\edmon\.m2\repository\org\junit\jupiter\junit-jupiter-params\5.10.0\junit-jupiter-params-5.10.0.jar;C:\Users\edmon\.m2\repository\org\junit\jupiter\junit-jupiter-engine\5.10.0\junit-jupiter-engine-5.10.0.jar;C:\Users\edmon\.m2\repository\org\junit\platform\junit-platform-launcher\1.10.0\junit-platform-launcher-1.10.0.jar;C:\Users\edmon\.m2\repository\org\junit\platform\junit-platform-engine\1.10.0\junit-platform-engine-1.10.0.jar;C:\Users\edmon\.m2\repository\org\apiguardian\apiguardian-api\1.1.2\apiguardian-api-1.1.2.jar;"/>
    <property name="java.vm.vendor" value="Oracle Corporation"/>
    <property name="sun.arch.data.model" value="64"/>
    <property name="user.variant" value=""/>
    <property name="java.vendor.url" value="https://java.oracle.com/"/>
    <property name="user.timezone" value="America/New_York"/>
    <property name="os.name" value="Windows 11"/>
    <property name="java.vm.specification.version" value="23"/>
    <property name="sun.java.launcher" value="SUN_STANDARD"/>
    <property name="user.country" value="US"/>
    <property name="sun.boot.library.path" value="C:\Program Files\Java\jdk-23\bin"/>
    <property name="sun.java.command" value="C:\Users\edmon\AppData\Local\Temp\surefire7507215931384242605\surefirebooter-20250419124303306_3.jar C:\Users\edmon\AppData\Local\Temp\surefire7507215931384242605 2025-04-19T12-43-03_214-jvmRun1 surefire-20250419124303306_1tmp surefire_0-20250419124303306_2tmp"/>
    <property name="jdk.debug" value="release"/>
    <property name="surefire.test.class.path" value="C:\Users\edmon\OneDrive\Documents\2_EJ\Edu\UMGC\DataStructures\Code\sortvisualizer\target\test-classes;C:\Users\edmon\OneDrive\Documents\2_EJ\Edu\UMGC\DataStructures\Code\sortvisualizer\target\classes;C:\Users\edmon\.m2\repository\org\openjfx\javafx-controls\13\javafx-controls-13.jar;C:\Users\edmon\.m2\repository\org\openjfx\javafx-controls\13\javafx-controls-13-win.jar;C:\Users\edmon\.m2\repository\org\openjfx\javafx-graphics\13\javafx-graphics-13.jar;C:\Users\edmon\.m2\repository\org\openjfx\javafx-graphics\13\javafx-graphics-13-win.jar;C:\Users\edmon\.m2\repository\org\openjfx\javafx-base\13\javafx-base-13.jar;C:\Users\edmon\.m2\repository\org\openjfx\javafx-base\13\javafx-base-13-win.jar;C:\Users\edmon\.m2\repository\org\openjfx\javafx-fxml\13\javafx-fxml-13.jar;C:\Users\edmon\.m2\repository\org\openjfx\javafx-fxml\13\javafx-fxml-13-win.jar;C:\Users\edmon\.m2\repository\org\junit\jupiter\junit-jupiter\5.10.0\junit-jupiter-5.10.0.jar;C:\Users\edmon\.m2\repository\org\junit\jupiter\junit-jupiter-api\5.10.0\junit-jupiter-api-5.10.0.jar;C:\Users\edmon\.m2\repository\org\opentest4j\opentest4j\1.3.0\opentest4j-1.3.0.jar;C:\Users\edmon\.m2\repository\org\junit\platform\junit-platform-commons\1.10.0\junit-platform-commons-1.10.0.jar;C:\Users\edmon\.m2\repository\org\junit\jupiter\junit-jupiter-params\5.10.0\junit-jupiter-params-5.10.0.jar;C:\Users\edmon\.m2\repository\org\junit\jupiter\junit-jupiter-engine\5.10.0\junit-jupiter-engine-5.10.0.jar;C:\Users\edmon\.m2\repository\org\junit\platform\junit-platform-launcher\1.10.0\junit-platform-launcher-1.10.0.jar;C:\Users\edmon\.m2\repository\org\junit\platform\junit-platform-engine\1.10.0\junit-platform-engine-1.10.0.jar;C:\Users\edmon\.m2\repository\org\apiguardian\apiguardian-api\1.1.2\apiguardian-api-1.1.2.jar;"/>
    <property name="sun.cpu.endian" value="little"/>
    <property name="user.home" value="C:\Users\edmon"/>
    <property name="user.language" value="en"/>
    <property name="java.specification.vendor" value="Oracle Corporation"/>
    <property name="java.version.date" value="2024-09-17"/>
    <property name="java.home" value="C:\Program Files\Java\jdk-23"/>
    <property name="file.separator" value="\"/>
    <property name="basedir" value="C:\Users\edmon\OneDrive\Documents\2_EJ\Edu\UMGC\DataStructures\Code\sortvisualizer"/>
    <property name="java.vm.compressedOopsMode" value="Zero based"/>
    <property name="line.separator" value="&#10;"/>
    <property name="java.vm.specification.vendor" value="Oracle Corporation"/>
    <property name="java.specification.name" value="Java Platform API Specification"/>
    <property name="surefire.real.class.path" value="C:\Users\edmon\AppData\Local\Temp\surefire7507215931384242605\surefirebooter-20250419124303306_3.jar"/>
    <property name="user.script" value=""/>
    <property name="sun.management.compiler" value="HotSpot 64-Bit Tiered Compilers"/>
    <property name="java.runtime.version" value="23+37-2369"/>
    <property name="user.name" value="edmon"/>
    <property name="stdout.encoding" value="Cp1252"/>
    <property name="path.separator" value=";"/>
    <property name="os.version" value="10.0"/>
    <property name="java.runtime.name" value="Java(TM) SE Runtime Environment"/>
    <property name="file.encoding" value="UTF-8"/>
    <property name="java.vm.name" value="Java HotSpot(TM) 64-Bit Server VM"/>
    <property name="localRepository" value="C:\Users\edmon\.m2\repository"/>
    <property name="java.vendor.url.bug" value="https://bugreport.java.com/bugreport/"/>
    <property name="java.io.tmpdir" value="C:\Users\edmon\AppData\Local\Temp\"/>
    <property name="java.version" value="23"/>
    <property name="user.dir" value="C:\Users\edmon\OneDrive\Documents\2_EJ\Edu\UMGC\DataStructures\Code\sortvisualizer"/>
    <property name="os.arch" value="amd64"/>
    <property name="java.vm.specification.name" value="Java Virtual Machine Specification"/>
    <property name="sun.os.patch.level" value=""/>
    <property name="native.encoding" value="Cp1252"/>
    <property name="java.library.path" value="C:\Program Files\Java\jdk-23\bin;C:\WINDOWS\Sun\Java\bin;C:\WINDOWS\system32;C:\WINDOWS;C:\Python313\Scripts\;C:\Python313\;C:\Program Files\Java\jdk-23\bin;C:\Program Files\Eclipse Foundation\jdk-8.0.302.8-hotspot\bin;C:\Program Files\Common Files\Oracle\Java\javapath;C:\Program Files (x86)\Common Files\Oracle\Java\java8path;C:\Program Files (x86)\Common Files\Oracle\Java\javapath;C:\Users\edmon\AppData\Local\Programs\Python\Python312\Scripts\;C:\Users\edmon\AppData\Local\Programs\Python\Python312\;C:\Program Files (x86)\Common Files\Intel\Shared Libraries\redist\intel64\compiler;C:\WINDOWS\system32;C:\WINDOWS;C:\WINDOWS\System32\Wbem;C:\WINDOWS\System32\WindowsPowerShell\v1.0\;C:\WINDOWS\System32\OpenSSH\;C:\Program Files (x86)\NVIDIA Corporation\PhysX\Common;C:\Program Files\dotnet\;C:\Program Files\NVIDIA Corporation\NVIDIA NvDLISR;C:\Program Files\Microsoft SQL Server\150\Tools\Binn\;C:\Program Files\Microsoft SQL Server\Client SDK\ODBC\170\Tools\Binn\;C:\Program Files (x86)\Windows Kits\10\Windows Performance Toolkit\;C:\Program Files\LLVM\bin;C:\Program Files\OpenSSL-Win64\bin;C:\ProgramData\chocolatey\bin;C:\dev\_tools\;C:\tools\neovim\nvim-win64\bin;C:\Program Files\Git\cmd;C:\tools\Gradle\gradle-8.12.1\bin;C:\tools\apache-maven-3.9.9\bin;C:\Program Files\nodejs\;C:\Program Files (x86)\Microsoft SQL Server\160\DTS\Binn\;C:\Users\edmon\AppData\Local\bin\NASM;C:\Users\edmon\AppData\Local\Programs\Python\Launcher\;C:\Users\edmon\AppData\Local\Microsoft\WindowsApps;C:\Users\edmon\AppData\Local\Programs\Microsoft VS Code\bin;C:\Program Files\LLVM\bin;C:\tools\neovim\nvim-win64\bin;C:\Users\edmon\AppData\Roaming\npm;C:\Users\edmon\.dotnet\tools;."/>
    <property name="java.vm.info" value="mixed mode, sharing"/>
    <property name="stderr.encoding" value="Cp1252"/>
    <property name="java.vendor" value="Oracle Corporation"/>
    <property name="java.vm.version" value="23+37-2369"/>
    <property name="sun.io.unicode.encoding" value="UnicodeLittle"/>
    <property name="java.class.version" value="67.0"/>
  </properties>
  <testcase name="testInsertionSort_alreadySorted" classname="umgc.InsertionSortTest" time="0.001"/>
  <testcase name="testInsertionSort_simple" classname="umgc.InsertionSortTest" time="0.099"/>
  <testcase name="testInsertionSort_reverseSorted" classname="umgc.InsertionSortTest" time="0.166"/>
</testsuite>